<?xml version="1.0" encoding="utf-8"?><testsuites name="pytest tests"><testsuite name="pytest" errors="0" failures="0" skipped="0" tests="31" time="2.828" timestamp="2026-07-09T15:04:04.899477+00:00" hostname="agent-env-be934ad5-8773-4a0b-a836-694c0221f326"><testcase classname="tests.test_hadid_api.TestRoot" name="test_root" time="0.159" /><testcase classname="tests.test_hadid_api.TestDemo" name="test_load_demo" time="0.055" /><testcase classname="tests.test_hadid_api.TestDemo" name="test_demo_idempotent" time="0.055" /><testcase classname="tests.test_hadid_api.TestImport" name="test_import_chatgpt_auto_detect" time="0.056" /><testcase classname="tests.test_hadid_api.TestImport" name="test_import_chatgpt_reimport_skipped" time="0.050" /><testcase classname="tests.test_hadid_api.TestImport" name="test_import_claude_auto_detect" time="0.050" /><testcase classname="tests.test_hadid_api.TestImport" name="test_import_claude_verify_messages" time="0.106" /><testcase classname="tests.test_hadid_api.TestImport" name="test_import_empty_file" time="0.053" /><testcase classname="tests.test_hadid_api.TestImport" name="test_import_invalid_json" time="0.046" /><testcase classname="tests.test_hadid_api.TestConversations" name="test_list_default" time="0.052" /><testcase classname="tests.test_hadid_api.TestConversations" name="test_list_source_filter" time="0.053" /><testcase classname="tests.test_hadid_api.TestConversations" name="test_list_title_q" time="0.074" /><testcase classname="tests.test_hadid_api.TestConversations" name="test_list_pagination" time="0.047" /><testcase classname="tests.test_hadid_api.TestConversations" name="test_get_conversation_404" time="0.049" /><testcase classname="tests.test_hadid_api.TestConversations" name="test_get_conversation_detail" time="0.099" /><testcase classname="tests.test_hadid_api.TestFavoritesTagsDelete" name="test_favorite_toggle" time="0.149" /><testcase classname="tests.test_hadid_api.TestFavoritesTagsDelete" name="test_favorites_filter" time="0.216" /><testcase classname="tests.test_hadid_api.TestFavoritesTagsDelete" name="test_add_remove_tag_and_tag_list" time="0.268" /><testcase classname="tests.test_hadid_api.TestFavoritesTagsDelete" name="test_delete_and_reimport" time="0.197" /><testcase classname="tests.test_hadid_api.TestSearch" name="test_search_english" time="0.048" /><testcase classname="tests.test_hadid_api.TestSearch" name="test_search_arabic" time="0.054" /><testcase classname="tests.test_hadid_api.TestSearch" name="test_search_source_filter" time="0.052" /><testcase classname="tests.test_hadid_api.TestSearch" name="test_search_missing_q" time="0.050" /><testcase classname="tests.test_hadid_api.TestStatsEndpoints" name="test_stats" time="0.049" /><testcase classname="tests.test_hadid_api.TestStatsEndpoints" name="test_activity" time="0.047" /><testcase classname="tests.test_hadid_api.TestStatsEndpoints" name="test_wordcloud_excludes_stop_words" time="0.057" /><testcase classname="tests.test_hadid_api.TestExportImport" name="test_export_conversation_markdown" time="0.100" /><testcase classname="tests.test_hadid_api.TestExportImport" name="test_export_all_zip" time="0.055" /><testcase classname="tests.test_hadid_api.TestExportImport" name="test_export_archive_and_reimport" time="0.128" /><testcase classname="tests.test_hadid_api.TestAutotag" name="test_autotag" time="0.056" /><testcase classname="tests.test_hadid_api.TestClearArchive" name="test_clear_and_restore_demo" time="0.232" /></testsuite></testsuites>